<?xml version="1.0" encoding="UTF-8"?>
<testng-results ignored="0" total="1" passed="1" failed="0" skipped="0">
  <reporter-output>
  </reporter-output>
  <suite started-at="2023-07-31T12:32:27 IST" name="Default suite" finished-at="2023-07-31T12:32:33 IST" duration-ms="5906">
    <groups>
    </groups>
    <test started-at="2023-07-31T12:32:27 IST" name="Default test" finished-at="2023-07-31T12:32:33 IST" duration-ms="5906">
      <class name="testcases.TC_001">
        <test-method is-config="true" signature="preCondition()[pri:0, instance:testcases.TC_001@202b0582]" started-at="2023-07-31T12:32:27 IST" name="preCondition" finished-at="2023-07-31T12:32:31 IST" duration-ms="4148" status="PASS">
          <reporter-output>
          </reporter-output>
        </test-method> <!-- preCondition -->
        <test-method signature="verifyWithValidUserCredentials()[pri:0, instance:testcases.TC_001@202b0582]" started-at="2023-07-31T12:32:31 IST" name="verifyWithValidUserCredentials" finished-at="2023-07-31T12:32:33 IST" duration-ms="1640" status="PASS">
          <reporter-output>
          </reporter-output>
        </test-method> <!-- verifyWithValidUserCredentials -->
        <test-method is-config="true" signature="postCondition()[pri:0, instance:testcases.TC_001@202b0582]" started-at="2023-07-31T12:32:33 IST" name="postCondition" finished-at="2023-07-31T12:32:33 IST" duration-ms="92" status="PASS">
          <reporter-output>
          </reporter-output>
        </test-method> <!-- postCondition -->
      </class> <!-- testcases.TC_001 -->
    </test> <!-- Default test -->
  </suite> <!-- Default suite -->
</testng-results>
